<?xml version="1.0" encoding="UTF-8"?>
<!-- Generated by org.testng.reporters.JUnitXMLReporter -->
<testsuite hostname="Mohammeds-MBP-2.home" ignored="0" name="Test" tests="15" failures="1" timestamp="2021-02-08T21:22:13 EST" time="12.447" errors="0">
  <testcase name="clickLogIn" time="0.019" classname="com.testNG.practice.TestNGBasic"/>
  <testcase name="getTitle" time="0.011" classname="com.testNG.practice.TestNGBasic"/>
  <testcase name="googleTitleTest" time="0.011" classname="com.testNG.practice.TestNGBasic"/>
  <testcase name="logoTest" time="0.002" classname="com.testNG.practice.TestNGBasic"/>
  <testcase name="googlePageTitleTest" time="0.009" classname="com.testNG.practice.GoogleTitleTest">
    <failure type="java.lang.AssertionError" message="Page title is not match expected [Google#] but found [Google]">
      <![CDATA[java.lang.AssertionError: Page title is not match expected [Google#] but found [Google]
at com.testNG.practice.GoogleTitleTest.googlePageTitleTest(GoogleTitleTest.java:44)
at java.util.ArrayList.forEach(ArrayList.java:1257)
... Removed 32 stack frames]]>
    </failure>
  </testcase> <!-- googlePageTitleTest -->
  <testcase name="googleTitleTest" time="0.009" classname="com.testNG.practice.GoogleTitleTest"/>
  <testcase name="mailLinkTest" time="0.073" classname="com.testNG.practice.GoogleTitleTest"/>
  <testcase name="playGroundTest" time="0.001" classname="com.testNG.practice.GroupsAnnotation"/>
  <testcase name="newTestThree" time="0.001" classname="com.testNG.practice.GroupsAnnotation"/>
  <testcase name="newTestone" time="0.001" classname="com.testNG.practice.GroupsAnnotation"/>
  <testcase name="newTestTwo" time="0.002" classname="com.testNG.practice.GroupsAnnotation"/>
  <testcase name="lastTest" time="0.002" classname="com.testNG.practice.GroupsAnnotation"/>
  <testcase name="firstTest" time="0.022" classname="com.testNG.practice.GroupsAnnotation"/>
  <testcase name="catTest" time="0.002" classname="com.testNG.practice.GroupsAnnotation"/>
  <testcase name="appleTest" time="0.007" classname="com.testNG.practice.GroupsAnnotation"/>
</testsuite> <!-- Test -->
