<?xml version="1.0" encoding="UTF-8"?>
<testng-results skipped="0" failed="0" ignored="0" total="1" passed="1">
  <reporter-output>
  </reporter-output>
  <suite name="Yahoo App Test Automation Suite" duration-ms="18185" started-at="2021-02-12T22:56:37 EST" finished-at="2021-02-12T22:56:55 EST">
    <groups>
    </groups>
    <test name="Yahoo App Test" duration-ms="18185" started-at="2021-02-12T22:56:37 EST" finished-at="2021-02-12T22:56:55 EST">
      <class name="com.testNG.parameters.ParameterTest">
        <test-method status="PASS" signature="yahooLoginTest(java.lang.String, java.lang.String, java.lang.String, java.lang.String)[pri:0, instance:com.testNG.parameters.ParameterTest@2d6eabae]" name="yahooLoginTest" duration-ms="18151" started-at="2021-02-12T22:56:37 EST" finished-at="2021-02-12T22:56:55 EST">
          <params>
            <param index="0">
              <value>
                <![CDATA[firefox]]>
              </value>
            </param>
            <param index="1">
              <value>
                <![CDATA[https://www.yahoo.com/]]>
              </value>
            </param>
            <param index="2">
              <value>
                <![CDATA[ashik_mart@yahoo.com]]>
              </value>
            </param>
            <param index="3">
              <value>
                <![CDATA[Mart1996]]>
              </value>
            </param>
          </params>
          <reporter-output>
          </reporter-output>
        </test-method> <!-- yahooLoginTest -->
      </class> <!-- com.testNG.parameters.ParameterTest -->
    </test> <!-- Yahoo App Test -->
  </suite> <!-- Yahoo App Test Automation Suite -->
</testng-results>
